2025-07-27 23:11:36.670 [info] Extension host with pid 899019 started
2025-07-27 23:11:36.696 [info] ExtensionService#_doActivateExtension vscode.github-authentication, startup: false, activationEvent: 'onAuthenticationRequest:github'
2025-07-27 23:11:36.761 [info] ExtensionService#_doActivateExtension vscode.git-base, startup: true, activationEvent: '*', root cause: vscode.git
2025-07-27 23:11:36.773 [info] ExtensionService#_doActivateExtension vscode.git, startup: true, activationEvent: '*'
2025-07-27 23:11:36.801 [info] ExtensionService#_doActivateExtension vscode.github, startup: true, activationEvent: '*'
2025-07-27 23:11:36.893 [info] Eager extensions activated
2025-07-27 23:11:36.893 [info] ExtensionService#_doActivateExtension vscode.debug-auto-launch, startup: false, activationEvent: 'onStartupFinished'
2025-07-27 23:11:36.898 [info] ExtensionService#_doActivateExtension vscode.merge-conflict, startup: false, activationEvent: 'onStartupFinished'
2025-07-27 23:12:09.604 [info] Extension host terminating: renderer closed the MessagePort
2025-07-27 23:12:09.616 [info] Extension host with pid 899019 exiting with code 0
2025-07-27 23:12:10.384 [info] Extension host with pid 899324 started
2025-07-27 23:12:10.384 [info] Skipping acquiring lock for /home/ahmad/.config/Code/User/workspaceStorage/947a503f426b06996f5452bf9fe16577.
2025-07-27 23:12:10.428 [info] ExtensionService#_doActivateExtension vscode.github-authentication, startup: false, activationEvent: 'onAuthenticationRequest:github'
2025-07-27 23:12:10.445 [info] ExtensionService#_doActivateExtension vscode.emmet, startup: false, activationEvent: 'onLanguage'
2025-07-27 23:12:10.515 [info] ExtensionService#_doActivateExtension vscode.git-base, startup: true, activationEvent: '*', root cause: vscode.git
2025-07-27 23:12:10.523 [info] ExtensionService#_doActivateExtension vscode.git, startup: true, activationEvent: '*'
2025-07-27 23:12:10.554 [info] ExtensionService#_doActivateExtension vscode.github, startup: true, activationEvent: '*'
2025-07-27 23:12:10.668 [info] Eager extensions activated
2025-07-27 23:12:10.676 [info] ExtensionService#_doActivateExtension vscode.debug-auto-launch, startup: false, activationEvent: 'onStartupFinished'
2025-07-27 23:12:10.678 [info] ExtensionService#_doActivateExtension vscode.merge-conflict, startup: false, activationEvent: 'onStartupFinished'
