2025-07-27 23:10:21.381 [info] [main] Log level: Info
2025-07-27 23:10:21.381 [info] [main] Validating found git in: "git"
2025-07-27 23:10:21.381 [info] [main] Using git "2.50.1" from "git"
2025-07-27 23:10:21.381 [info] [Model][doInitialScan] Initial repository scan started
2025-07-27 23:10:21.381 [info] > git rev-parse --show-toplevel [20ms]
2025-07-27 23:10:21.381 [info] fatal: not a git repository (or any of the parent directories): .git
2025-07-27 23:10:21.381 [info] > git rev-parse --show-toplevel [3ms]
2025-07-27 23:10:21.381 [info] fatal: not a git repository (or any of the parent directories): .git
2025-07-27 23:10:21.381 [info] [Model][doInitialScan] Initial repository scan completed - repositories (0), closed repositories (0), parent repositories (0), unsafe repositories (0)
2025-07-27 23:10:21.399 [info] > git rev-parse --show-toplevel [12ms]
2025-07-27 23:10:21.399 [info] fatal: not a git repository (or any of the parent directories): .git
2025-07-27 23:10:21.432 [info] > git rev-parse --show-toplevel [1ms]
2025-07-27 23:10:21.432 [info] fatal: not a git repository (or any of the parent directories): .git
2025-07-27 23:10:21.448 [info] > git rev-parse --show-toplevel [1ms]
2025-07-27 23:10:21.448 [info] fatal: not a git repository (or any of the parent directories): .git
2025-07-27 23:10:21.475 [info] > git rev-parse --show-toplevel [0ms]
2025-07-27 23:10:21.475 [info] fatal: not a git repository (or any of the parent directories): .git
2025-07-27 23:10:22.493 [info] > git rev-parse --show-toplevel [1ms]
2025-07-27 23:10:22.493 [info] fatal: not a git repository (or any of the parent directories): .git
2025-07-27 23:10:23.147 [info] > git rev-parse --show-toplevel [1ms]
2025-07-27 23:10:23.147 [info] fatal: not a git repository (or any of the parent directories): .git
